# JRE version: Java(TM) SE Runtime Environment (12.0.1+12) (build 12.0.1+12)
# Java VM: Java HotSpot(TM) 64-Bit Server VM (12.0.1+12, mixed mode, sharing, tiered, compressed oops, g1 gc, linux-amd64)
Heap:
 garbage-first heap   total 225280K, used 29951K [0x00000000c5800000, 0x0000000100000000)
  region size 1024K, 1 young (1024K), 1 survivors (1024K)
 Metaspace       used 49315K, capacity 50622K, committed 51196K, reserved 1093632K
  class space    used 6597K, capacity 7081K, committed 7296K, reserved 1048576K
GC Heap History (10 events):
Event: 28225.756 GC heap after
{Heap after GC invocations=74 (full 0):
 garbage-first heap   total 112640K, used 34297K [0x00000000c5800000, 0x0000000100000000)
  region size 1024K, 1 young (1024K), 1 survivors (1024K)
 Metaspace       used 49577K, capacity 51030K, committed 51196K, reserved 1093632K
  class space    used 6656K, capacity 7193K, committed 7296K, reserved 1048576K
}
Event: 29854.825 GC heap before
{Heap before GC invocations=74 (full 0):
 garbage-first heap   total 112640K, used 38393K [0x00000000c5800000, 0x0000000100000000)
  region size 1024K, 5 young (5120K), 1 survivors (1024K)
 Metaspace       used 49577K, capacity 51030K, committed 51196K, reserved 1093632K
  class space    used 6656K, capacity 7193K, committed 7296K, reserved 1048576K
}
Event: 29906.475 GC heap after
{Heap after GC invocations=75 (full 0):
 garbage-first heap   total 112640K, used 34345K [0x00000000c5800000, 0x0000000100000000)
  region size 1024K, 1 young (1024K), 1 survivors (1024K)
 Metaspace       used 49577K, capacity 51030K, committed 51196K, reserved 1093632K
  class space    used 6656K, capacity 7193K, committed 7296K, reserved 1048576K
}
Event: 32855.875 GC heap before
{Heap before GC invocations=75 (full 0):
 garbage-first heap   total 112640K, used 38441K [0x00000000c5800000, 0x0000000100000000)
  region size 1024K, 5 young (5120K), 1 survivors (1024K)
 Metaspace       used 49577K, capacity 51030K, committed 51196K, reserved 1093632K
  class space    used 6656K, capacity 7193K, committed 7296K, reserved 1048576K
}
Event: 33031.352 GC heap after
{Heap after GC invocations=76 (full 0):
 garbage-first heap   total 112640K, used 34350K [0x00000000c5800000, 0x0000000100000000)
  region size 1024K, 1 young (1024K), 1 survivors (1024K)
 Metaspace       used 49577K, capacity 51030K, committed 51196K, reserved 1093632K
  class space    used 6656K, capacity 7193K, committed 7296K, reserved 1048576K
}
Event: 37335.287 GC heap before
{Heap before GC invocations=77 (full 0):
 garbage-first heap   total 112640K, used 38446K [0x00000000c5800000, 0x0000000100000000)
  region size 1024K, 5 young (5120K), 1 survivors (1024K)
 Metaspace       used 49315K, capacity 50622K, committed 51196K, reserved 1093632K
  class space    used 6597K, capacity 7081K, committed 7296K, reserved 1048576K
}
Event: 37359.687 GC heap after
{Heap after GC invocations=78 (full 0):
 garbage-first heap   total 112640K, used 34334K [0x00000000c5800000, 0x0000000100000000)
  region size 1024K, 1 young (1024K), 1 survivors (1024K)
 Metaspace       used 49315K, capacity 50622K, committed 51196K, reserved 1093632K
  class space    used 6597K, capacity 7081K, committed 7296K, reserved 1048576K
}
Event: 39886.148 GC heap before
{Heap before GC invocations=78 (full 0):
 garbage-first heap   total 112640K, used 38430K [0x00000000c5800000, 0x0000000100000000)
  region size 1024K, 5 young (5120K), 1 survivors (1024K)
 Metaspace       used 49315K, capacity 50622K, committed 51196K, reserved 1093632K
  class space    used 6597K, capacity 7081K, committed 7296K, reserved 1048576K
}
Event: 39936.686 GC heap after
{Heap after GC invocations=79 (full 0):
 garbage-first heap   total 112640K, used 32162K [0x00000000c5800000, 0x0000000100000000)
  region size 1024K, 1 young (1024K), 1 survivors (1024K)
 Metaspace       used 49315K, capacity 50622K, committed 51196K, reserved 1093632K
  class space    used 6597K, capacity 7081K, committed 7296K, reserved 1048576K
}
Event: 41868.170 GC heap before
{Heap before GC invocations=79 (full 0):
 garbage-first heap   total 112640K, used 36258K [0x00000000c5800000, 0x0000000100000000)
  region size 1024K, 5 young (5120K), 1 survivors (1024K)
 Metaspace       used 49315K, capacity 50622K, committed 51196K, reserved 1093632K
  class space    used 6597K, capacity 7081K, committed 7296K, reserved 1048576K
}

