# JRE version: Java(TM) SE Runtime Environment (12.0.1+12) (build 12.0.1+12)
# Java VM: Java HotSpot(TM) 64-Bit Server VM (12.0.1+12, mixed mode, sharing, tiered, compressed oops, g1 gc, linux-amd64)
Heap:
 garbage-first heap   total 296960K, used 34363K [0x00000000c5800000, 0x0000000100000000)
  region size 1024K, 1 young (1024K), 1 survivors (1024K)
 Metaspace       used 49697K, capacity 51072K, committed 51456K, reserved 1093632K
  class space    used 6601K, capacity 7109K, committed 7168K, reserved 1048576K
GC Heap History (10 events):
Event: 2374.717 GC heap after
{Heap after GC invocations=38 (full 0):
 garbage-first heap   total 148480K, used 34386K [0x00000000c5800000, 0x0000000100000000)
  region size 1024K, 1 young (1024K), 1 survivors (1024K)
 Metaspace       used 49657K, capacity 51008K, committed 51200K, reserved 1093632K
  class space    used 6598K, capacity 7109K, committed 7168K, reserved 1048576K
}
Event: 2481.327 GC heap before
{Heap before GC invocations=38 (full 0):
 garbage-first heap   total 148480K, used 40530K [0x00000000c5800000, 0x0000000100000000)
  region size 1024K, 7 young (7168K), 1 survivors (1024K)
 Metaspace       used 49657K, capacity 51008K, committed 51200K, reserved 1093632K
  class space    used 6598K, capacity 7109K, committed 7168K, reserved 1048576K
}
Event: 2500.302 GC heap after
{Heap after GC invocations=39 (full 0):
 garbage-first heap   total 148480K, used 34402K [0x00000000c5800000, 0x0000000100000000)
  region size 1024K, 1 young (1024K), 1 survivors (1024K)
 Metaspace       used 49657K, capacity 51008K, committed 51200K, reserved 1093632K
  class space    used 6598K, capacity 7109K, committed 7168K, reserved 1048576K
}
Event: 2626.053 GC heap before
{Heap before GC invocations=39 (full 0):
 garbage-first heap   total 148480K, used 40546K [0x00000000c5800000, 0x0000000100000000)
  region size 1024K, 7 young (7168K), 1 survivors (1024K)
 Metaspace       used 49687K, capacity 51072K, committed 51456K, reserved 1093632K
  class space    used 6600K, capacity 7109K, committed 7168K, reserved 1048576K
}
Event: 2650.182 GC heap after
{Heap after GC invocations=40 (full 0):
 garbage-first heap   total 148480K, used 34409K [0x00000000c5800000, 0x0000000100000000)
  region size 1024K, 1 young (1024K), 1 survivors (1024K)
 Metaspace       used 49687K, capacity 51072K, committed 51456K, reserved 1093632K
  class space    used 6600K, capacity 7109K, committed 7168K, reserved 1048576K
}
Event: 2763.072 GC heap before
{Heap before GC invocations=40 (full 0):
 garbage-first heap   total 148480K, used 40553K [0x00000000c5800000, 0x0000000100000000)
  region size 1024K, 7 young (7168K), 1 survivors (1024K)
 Metaspace       used 49696K, capacity 51072K, committed 51456K, reserved 1093632K
  class space    used 6601K, capacity 7109K, committed 7168K, reserved 1048576K
}
Event: 2786.580 GC heap after
{Heap after GC invocations=41 (full 0):
 garbage-first heap   total 148480K, used 34406K [0x00000000c5800000, 0x0000000100000000)
  region size 1024K, 1 young (1024K), 1 survivors (1024K)
 Metaspace       used 49696K, capacity 51072K, committed 51456K, reserved 1093632K
  class space    used 6601K, capacity 7109K, committed 7168K, reserved 1048576K
}
Event: 2950.035 GC heap before
{Heap before GC invocations=41 (full 0):
 garbage-first heap   total 148480K, used 40550K [0x00000000c5800000, 0x0000000100000000)
  region size 1024K, 7 young (7168K), 1 survivors (1024K)
 Metaspace       used 49697K, capacity 51072K, committed 51456K, reserved 1093632K
  class space    used 6601K, capacity 7109K, committed 7168K, reserved 1048576K
}
Event: 2984.004 GC heap after
{Heap after GC invocations=42 (full 0):
 garbage-first heap   total 148480K, used 34372K [0x00000000c5800000, 0x0000000100000000)
  region size 1024K, 1 young (1024K), 1 survivors (1024K)
 Metaspace       used 49697K, capacity 51072K, committed 51456K, reserved 1093632K
  class space    used 6601K, capacity 7109K, committed 7168K, reserved 1048576K
}
Event: 3074.090 GC heap before
{Heap before GC invocations=42 (full 0):
 garbage-first heap   total 148480K, used 40516K [0x00000000c5800000, 0x0000000100000000)
  region size 1024K, 7 young (7168K), 1 survivors (1024K)
 Metaspace       used 49697K, capacity 51072K, committed 51456K, reserved 1093632K
  class space    used 6601K, capacity 7109K, committed 7168K, reserved 1048576K
}

